<?xml version="1.0" encoding="UTF-8"?>
<testsuite name="WordTest" tests="2" skipped="0" failures="0" errors="0" timestamp="2015-08-21T23:04:48" hostname="Jen-Quiross-MacBook-Pro.local" time="0.0">
  <properties/>
  <testcase name="Word_getsUserInputtedWord_trumpet" classname="WordTest" time="0.0"/>
  <testcase name="newWord_instantiatesCorrectly_true" classname="WordTest" time="0.0"/>
  <system-out><![CDATA[]]></system-out>
  <system-err><![CDATA[[Thread-17] INFO spark.webserver.SparkServer - == Spark has ignited ...
[Thread-17] INFO spark.webserver.SparkServer - >> Listening on 0.0.0.0:4567
[Thread-17] INFO org.eclipse.jetty.server.Server - jetty-9.0.2.v20130417
[Thread-17] INFO org.eclipse.jetty.server.ServerConnector - Started ServerConnector@79a020a8{HTTP/1.1}{0.0.0.0:4567}
[Test worker] INFO spark.webserver.SparkServer - >>> Spark shutting down ...
[Test worker] INFO org.eclipse.jetty.server.Server - Graceful shutdown org.eclipse.jetty.server.Server@6731f990 by 
[Test worker] INFO org.eclipse.jetty.server.ServerConnector - Stopped ServerConnector@79a020a8{HTTP/1.1}{0.0.0.0:4567}
[Test worker] INFO spark.webserver.SparkServer - done
]]></system-err>
</testsuite>
