<?xml version="1.0" encoding="UTF-8"?>
<testsuite name="AppTest" tests="5" skipped="0" failures="0" errors="0" timestamp="2015-08-22T21:07:40" hostname="Jen-Quiross-MacBook-Pro.local" time="3.659">
  <properties/>
  <testcase name="wordIsDisplayedTest" classname="AppTest" time="2.467"/>
  <testcase name="rootTest" classname="AppTest" time="0.035"/>
  <testcase name="definitionIsAddedAndDisplayedTest" classname="AppTest" time="0.114"/>
  <testcase name="multipleWordsAreDisplayedTest" classname="AppTest" time="0.886"/>
  <testcase name="wordIsCreatedTest" classname="AppTest" time="0.035"/>
  <system-out><![CDATA[]]></system-out>
  <system-err><![CDATA[[Thread-4] INFO spark.webserver.SparkServer - == Spark has ignited ...
[Thread-4] INFO spark.webserver.SparkServer - >> Listening on 0.0.0.0:4567
[Thread-4] INFO org.eclipse.jetty.server.Server - jetty-9.0.2.v20130417
[Thread-4] INFO org.eclipse.jetty.server.ServerConnector - Started ServerConnector@2bad9b86{HTTP/1.1}{0.0.0.0:4567}
Aug 22, 2015 2:07:42 PM com.gargoylesoftware.htmlunit.DefaultCssErrorHandler error
WARNING: CSS error: 'https://maxcdn.bootstrapcdn.com/bootstrap/3.3.5/css/bootstrap.min.css' [5:17606] Error in media list. (Invalid token "(". Was expecting one of: <S>, <IDENT>.)
Aug 22, 2015 2:07:42 PM com.gargoylesoftware.htmlunit.DefaultCssErrorHandler error
WARNING: CSS error: 'https://maxcdn.bootstrapcdn.com/bootstrap/3.3.5/css/bootstrap.min.css' [5:19373] Error in media list. (Invalid token "(". Was expecting one of: <S>, <IDENT>.)
Aug 22, 2015 2:07:42 PM com.gargoylesoftware.htmlunit.DefaultCssErrorHandler error
WARNING: CSS error: 'https://maxcdn.bootstrapcdn.com/bootstrap/3.3.5/css/bootstrap.min.css' [5:21618] Error in media list. (Invalid token "(". Was expecting one of: <S>, <IDENT>.)
Aug 22, 2015 2:07:42 PM com.gargoylesoftware.htmlunit.DefaultCssErrorHandler error
WARNING: CSS error: 'https://maxcdn.bootstrapcdn.com/bootstrap/3.3.5/css/bootstrap.min.css' [5:21667] Error in media list. (Invalid token "(". Was expecting one of: <S>, <IDENT>.)
Aug 22, 2015 2:07:42 PM com.gargoylesoftware.htmlunit.DefaultCssErrorHandler error
WARNING: CSS error: 'https://maxcdn.bootstrapcdn.com/bootstrap/3.3.5/css/bootstrap.min.css' [5:21716] Error in media list. (Invalid token "(". Was expecting one of: <S>, <IDENT>.)
Aug 22, 2015 2:07:42 PM com.gargoylesoftware.htmlunit.DefaultCssErrorHandler error
WARNING: CSS error: 'https://maxcdn.bootstrapcdn.com/bootstrap/3.3.5/css/bootstrap.min.css' [5:24200] Error in media list. (Invalid token "(". Was expecting one of: <S>, <IDENT>.)
Aug 22, 2015 2:07:42 PM com.gargoylesoftware.htmlunit.DefaultCssErrorHandler error
WARNING: CSS error: 'https://maxcdn.bootstrapcdn.com/bootstrap/3.3.5/css/bootstrap.min.css' [5:25966] Error in media list. (Invalid token "(". Was expecting one of: <S>, <IDENT>.)
Aug 22, 2015 2:07:42 PM com.gargoylesoftware.htmlunit.DefaultCssErrorHandler error
WARNING: CSS error: 'https://maxcdn.bootstrapcdn.com/bootstrap/3.3.5/css/bootstrap.min.css' [5:27732] Error in media list. (Invalid token "(". Was expecting one of: <S>, <IDENT>.)
Aug 22, 2015 2:07:42 PM com.gargoylesoftware.htmlunit.DefaultCssErrorHandler error
WARNING: CSS error: 'https://maxcdn.bootstrapcdn.com/bootstrap/3.3.5/css/bootstrap.min.css' [5:33858] Error in @media rule. (Invalid token "and". Was expecting one of: <S>, <LBRACE>, <COMMA>.)
Aug 22, 2015 2:07:42 PM com.gargoylesoftware.htmlunit.DefaultCssErrorHandler warning
WARNING: CSS warning: 'https://maxcdn.bootstrapcdn.com/bootstrap/3.3.5/css/bootstrap.min.css' [5:33858] Ignoring the whole rule.
Aug 22, 2015 2:07:42 PM com.gargoylesoftware.htmlunit.DefaultCssErrorHandler error
WARNING: CSS error: 'https://maxcdn.bootstrapcdn.com/bootstrap/3.3.5/css/bootstrap.min.css' [5:37280] Error in @media rule. (Invalid token "and". Was expecting one of: <S>, <LBRACE>, <COMMA>.)
Aug 22, 2015 2:07:42 PM com.gargoylesoftware.htmlunit.DefaultCssErrorHandler warning
WARNING: CSS warning: 'https://maxcdn.bootstrapcdn.com/bootstrap/3.3.5/css/bootstrap.min.css' [5:37280] Ignoring the whole rule.
Aug 22, 2015 2:07:42 PM com.gargoylesoftware.htmlunit.DefaultCssErrorHandler error
WARNING: CSS error: 'https://maxcdn.bootstrapcdn.com/bootstrap/3.3.5/css/bootstrap.min.css' [5:43528] Error in media list. (Invalid token "(". Was expecting one of: <S>, <IDENT>.)
Aug 22, 2015 2:07:42 PM com.gargoylesoftware.htmlunit.DefaultCssErrorHandler error
WARNING: CSS error: 'https://maxcdn.bootstrapcdn.com/bootstrap/3.3.5/css/bootstrap.min.css' [5:44748] Error in media list. (Invalid token "(". Was expecting one of: <S>, <IDENT>.)
Aug 22, 2015 2:07:42 PM com.gargoylesoftware.htmlunit.DefaultCssErrorHandler error
WARNING: CSS error: 'https://maxcdn.bootstrapcdn.com/bootstrap/3.3.5/css/bootstrap.min.css' [5:44920] Error in media list. (Invalid token "(". Was expecting one of: <S>, <IDENT>.)
Aug 22, 2015 2:07:42 PM com.gargoylesoftware.htmlunit.DefaultCssErrorHandler error
WARNING: CSS error: 'https://maxcdn.bootstrapcdn.com/bootstrap/3.3.5/css/bootstrap.min.css' [5:45028] Error in media list. (Invalid token "(". Was expecting one of: <S>, <IDENT>.)
Aug 22, 2015 2:07:42 PM com.gargoylesoftware.htmlunit.DefaultCssErrorHandler error
WARNING: CSS error: 'https://maxcdn.bootstrapcdn.com/bootstrap/3.3.5/css/bootstrap.min.css' [5:57895] Error in expression; ':' found after identifier "progid".
Aug 22, 2015 2:07:42 PM com.gargoylesoftware.htmlunit.DefaultCssErrorHandler error
WARNING: CSS error: 'https://maxcdn.bootstrapcdn.com/bootstrap/3.3.5/css/bootstrap.min.css' [5:58557] Error in media list. (Invalid token "(". Was expecting one of: <S>, <IDENT>.)
Aug 22, 2015 2:07:42 PM com.gargoylesoftware.htmlunit.DefaultCssErrorHandler error
WARNING: CSS error: 'https://maxcdn.bootstrapcdn.com/bootstrap/3.3.5/css/bootstrap.min.css' [5:67219] Error in media list. (Invalid token "(". Was expecting one of: <S>, <IDENT>.)
Aug 22, 2015 2:07:42 PM com.gargoylesoftware.htmlunit.DefaultCssErrorHandler error
WARNING: CSS error: 'https://maxcdn.bootstrapcdn.com/bootstrap/3.3.5/css/bootstrap.min.css' [5:67543] Error in media list. (Invalid token "(". Was expecting one of: <S>, <IDENT>.)
Aug 22, 2015 2:07:42 PM com.gargoylesoftware.htmlunit.DefaultCssErrorHandler error
WARNING: CSS error: 'https://maxcdn.bootstrapcdn.com/bootstrap/3.3.5/css/bootstrap.min.css' [5:68246] Error in media list. (Invalid token "(". Was expecting one of: <S>, <IDENT>.)
Aug 22, 2015 2:07:42 PM com.gargoylesoftware.htmlunit.DefaultCssErrorHandler error
WARNING: CSS error: 'https://maxcdn.bootstrapcdn.com/bootstrap/3.3.5/css/bootstrap.min.css' [5:68572] Error in media list. (Invalid token "(". Was expecting one of: <S>, <IDENT>.)
Aug 22, 2015 2:07:42 PM com.gargoylesoftware.htmlunit.DefaultCssErrorHandler error
WARNING: CSS error: 'https://maxcdn.bootstrapcdn.com/bootstrap/3.3.5/css/bootstrap.min.css' [5:69058] Error in media list. (Invalid token "(". Was expecting one of: <S>, <IDENT>.)
Aug 22, 2015 2:07:42 PM com.gargoylesoftware.htmlunit.DefaultCssErrorHandler error
WARNING: CSS error: 'https://maxcdn.bootstrapcdn.com/bootstrap/3.3.5/css/bootstrap.min.css' [5:69110] Error in media list. (Invalid token "(". Was expecting one of: <S>, <IDENT>.)
Aug 22, 2015 2:07:42 PM com.gargoylesoftware.htmlunit.DefaultCssErrorHandler error
WARNING: CSS error: 'https://maxcdn.bootstrapcdn.com/bootstrap/3.3.5/css/bootstrap.min.css' [5:69437] Error in media list. (Invalid token "(". Was expecting one of: <S>, <IDENT>.)
Aug 22, 2015 2:07:42 PM com.gargoylesoftware.htmlunit.DefaultCssErrorHandler error
WARNING: CSS error: 'https://maxcdn.bootstrapcdn.com/bootstrap/3.3.5/css/bootstrap.min.css' [5:69929] Error in media list. (Invalid token "(". Was expecting one of: <S>, <IDENT>.)
Aug 22, 2015 2:07:42 PM com.gargoylesoftware.htmlunit.DefaultCssErrorHandler error
WARNING: CSS error: 'https://maxcdn.bootstrapcdn.com/bootstrap/3.3.5/css/bootstrap.min.css' [5:70237] Error in media list. (Invalid token "(". Was expecting one of: <S>, <IDENT>.)
Aug 22, 2015 2:07:42 PM com.gargoylesoftware.htmlunit.DefaultCssErrorHandler error
WARNING: CSS error: 'https://maxcdn.bootstrapcdn.com/bootstrap/3.3.5/css/bootstrap.min.css' [5:70465] Error in media list. (Invalid token "(". Was expecting one of: <S>, <IDENT>.)
Aug 22, 2015 2:07:42 PM com.gargoylesoftware.htmlunit.DefaultCssErrorHandler error
WARNING: CSS error: 'https://maxcdn.bootstrapcdn.com/bootstrap/3.3.5/css/bootstrap.min.css' [5:70608] Error in media list. (Invalid token "(". Was expecting one of: <S>, <IDENT>.)
Aug 22, 2015 2:07:42 PM com.gargoylesoftware.htmlunit.DefaultCssErrorHandler error
WARNING: CSS error: 'https://maxcdn.bootstrapcdn.com/bootstrap/3.3.5/css/bootstrap.min.css' [5:70981] Error in media list. (Invalid token "(". Was expecting one of: <S>, <IDENT>.)
Aug 22, 2015 2:07:42 PM com.gargoylesoftware.htmlunit.DefaultCssErrorHandler error
WARNING: CSS error: 'https://maxcdn.bootstrapcdn.com/bootstrap/3.3.5/css/bootstrap.min.css' [5:71468] Error in media list. (Invalid token "(". Was expecting one of: <S>, <IDENT>.)
Aug 22, 2015 2:07:42 PM com.gargoylesoftware.htmlunit.DefaultCssErrorHandler error
WARNING: CSS error: 'https://maxcdn.bootstrapcdn.com/bootstrap/3.3.5/css/bootstrap.min.css' [5:71624] Error in media list. (Invalid token "(". Was expecting one of: <S>, <IDENT>.)
Aug 22, 2015 2:07:42 PM com.gargoylesoftware.htmlunit.DefaultCssErrorHandler error
WARNING: CSS error: 'https://maxcdn.bootstrapcdn.com/bootstrap/3.3.5/css/bootstrap.min.css' [5:72091] Error in media list. (Invalid token "(". Was expecting one of: <S>, <IDENT>.)
Aug 22, 2015 2:07:42 PM com.gargoylesoftware.htmlunit.DefaultCssErrorHandler error
WARNING: CSS error: 'https://maxcdn.bootstrapcdn.com/bootstrap/3.3.5/css/bootstrap.min.css' [5:72557] Error in media list. (Invalid token "(". Was expecting one of: <S>, <IDENT>.)
Aug 22, 2015 2:07:42 PM com.gargoylesoftware.htmlunit.DefaultCssErrorHandler error
WARNING: CSS error: 'https://maxcdn.bootstrapcdn.com/bootstrap/3.3.5/css/bootstrap.min.css' [5:73483] Error in media list. (Invalid token "(". Was expecting one of: <S>, <IDENT>.)
Aug 22, 2015 2:07:42 PM com.gargoylesoftware.htmlunit.DefaultCssErrorHandler error
WARNING: CSS error: 'https://maxcdn.bootstrapcdn.com/bootstrap/3.3.5/css/bootstrap.min.css' [5:73604] Error in media list. (Invalid token "(". Was expecting one of: <S>, <IDENT>.)
Aug 22, 2015 2:07:42 PM com.gargoylesoftware.htmlunit.DefaultCssErrorHandler error
WARNING: CSS error: 'https://maxcdn.bootstrapcdn.com/bootstrap/3.3.5/css/bootstrap.min.css' [5:74237] Error in media list. (Invalid token "(". Was expecting one of: <S>, <IDENT>.)
Aug 22, 2015 2:07:42 PM com.gargoylesoftware.htmlunit.DefaultCssErrorHandler error
WARNING: CSS error: 'https://maxcdn.bootstrapcdn.com/bootstrap/3.3.5/css/bootstrap.min.css' [5:74322] Error in media list. (Invalid token "(". Was expecting one of: <S>, <IDENT>.)
Aug 22, 2015 2:07:42 PM com.gargoylesoftware.htmlunit.DefaultCssErrorHandler error
WARNING: CSS error: 'https://maxcdn.bootstrapcdn.com/bootstrap/3.3.5/css/bootstrap.min.css' [5:75681] Error in media list. (Invalid token "(". Was expecting one of: <S>, <IDENT>.)
Aug 22, 2015 2:07:42 PM com.gargoylesoftware.htmlunit.DefaultCssErrorHandler error
WARNING: CSS error: 'https://maxcdn.bootstrapcdn.com/bootstrap/3.3.5/css/bootstrap.min.css' [5:77991] Error in media list. (Invalid token "(". Was expecting one of: <S>, <IDENT>.)
Aug 22, 2015 2:07:42 PM com.gargoylesoftware.htmlunit.DefaultCssErrorHandler error
WARNING: CSS error: 'https://maxcdn.bootstrapcdn.com/bootstrap/3.3.5/css/bootstrap.min.css' [5:83978] Error in @media rule. (Invalid token "and". Was expecting one of: <S>, <LBRACE>, <COMMA>.)
Aug 22, 2015 2:07:42 PM com.gargoylesoftware.htmlunit.DefaultCssErrorHandler warning
WARNING: CSS warning: 'https://maxcdn.bootstrapcdn.com/bootstrap/3.3.5/css/bootstrap.min.css' [5:83978] Ignoring the whole rule.
Aug 22, 2015 2:07:42 PM com.gargoylesoftware.htmlunit.DefaultCssErrorHandler error
WARNING: CSS error: 'https://maxcdn.bootstrapcdn.com/bootstrap/3.3.5/css/bootstrap.min.css' [5:109080] Error in media list. (Invalid token "(". Was expecting one of: <S>, <IDENT>.)
Aug 22, 2015 2:07:42 PM com.gargoylesoftware.htmlunit.DefaultCssErrorHandler error
WARNING: CSS error: 'https://maxcdn.bootstrapcdn.com/bootstrap/3.3.5/css/bootstrap.min.css' [5:109268] Error in media list. (Invalid token "(". Was expecting one of: <S>, <IDENT>.)
Aug 22, 2015 2:07:42 PM com.gargoylesoftware.htmlunit.DefaultCssErrorHandler error
WARNING: CSS error: 'https://maxcdn.bootstrapcdn.com/bootstrap/3.3.5/css/bootstrap.min.css' [5:113562] Error in @media rule. (Invalid token "and". Was expecting one of: <S>, <LBRACE>, <COMMA>.)
Aug 22, 2015 2:07:42 PM com.gargoylesoftware.htmlunit.DefaultCssErrorHandler warning
WARNING: CSS warning: 'https://maxcdn.bootstrapcdn.com/bootstrap/3.3.5/css/bootstrap.min.css' [5:113562] Ignoring the whole rule.
Aug 22, 2015 2:07:42 PM com.gargoylesoftware.htmlunit.DefaultCssErrorHandler error
WARNING: CSS error: 'https://maxcdn.bootstrapcdn.com/bootstrap/3.3.5/css/bootstrap.min.css' [5:115294] Error in expression; ':' found after identifier "progid".
Aug 22, 2015 2:07:42 PM com.gargoylesoftware.htmlunit.DefaultCssErrorHandler error
WARNING: CSS error: 'https://maxcdn.bootstrapcdn.com/bootstrap/3.3.5/css/bootstrap.min.css' [5:115837] Error in expression; ':' found after identifier "progid".
Aug 22, 2015 2:07:42 PM com.gargoylesoftware.htmlunit.DefaultCssErrorHandler error
WARNING: CSS error: 'https://maxcdn.bootstrapcdn.com/bootstrap/3.3.5/css/bootstrap.min.css' [5:117005] Invalid color "#000\9".
Aug 22, 2015 2:07:42 PM com.gargoylesoftware.htmlunit.DefaultCssErrorHandler error
WARNING: CSS error: 'https://maxcdn.bootstrapcdn.com/bootstrap/3.3.5/css/bootstrap.min.css' [5:117402] Error in @media rule. (Invalid token "and". Was expecting one of: <S>, <LBRACE>, <COMMA>.)
Aug 22, 2015 2:07:42 PM com.gargoylesoftware.htmlunit.DefaultCssErrorHandler warning
WARNING: CSS warning: 'https://maxcdn.bootstrapcdn.com/bootstrap/3.3.5/css/bootstrap.min.css' [5:117402] Ignoring the whole rule.
Aug 22, 2015 2:07:42 PM com.gargoylesoftware.htmlunit.DefaultCssErrorHandler error
WARNING: CSS error: 'https://maxcdn.bootstrapcdn.com/bootstrap/3.3.5/css/bootstrap.min.css' [5:119598] Error in media list. (Invalid token "(". Was expecting one of: <S>, <IDENT>.)
Aug 22, 2015 2:07:42 PM com.gargoylesoftware.htmlunit.DefaultCssErrorHandler error
WARNING: CSS error: 'https://maxcdn.bootstrapcdn.com/bootstrap/3.3.5/css/bootstrap.min.css' [5:119800] Error in media list. (Invalid token "(". Was expecting one of: <S>, <IDENT>.)
Aug 22, 2015 2:07:42 PM com.gargoylesoftware.htmlunit.DefaultCssErrorHandler error
WARNING: CSS error: 'https://maxcdn.bootstrapcdn.com/bootstrap/3.3.5/css/bootstrap.min.css' [5:119868] Error in media list. (Invalid token "(". Was expecting one of: <S>, <IDENT>.)
Aug 22, 2015 2:07:42 PM com.gargoylesoftware.htmlunit.DefaultCssErrorHandler error
WARNING: CSS error: 'https://maxcdn.bootstrapcdn.com/bootstrap/3.3.5/css/bootstrap.min.css' [5:119938] Error in media list. (Invalid token "(". Was expecting one of: <S>, <IDENT>.)
Aug 22, 2015 2:07:42 PM com.gargoylesoftware.htmlunit.DefaultCssErrorHandler error
WARNING: CSS error: 'https://maxcdn.bootstrapcdn.com/bootstrap/3.3.5/css/bootstrap.min.css' [5:120020] Error in media list. (Invalid token "(". Was expecting one of: <S>, <IDENT>.)
Aug 22, 2015 2:07:42 PM com.gargoylesoftware.htmlunit.DefaultCssErrorHandler error
WARNING: CSS error: 'https://maxcdn.bootstrapcdn.com/bootstrap/3.3.5/css/bootstrap.min.css' [5:120244] Error in media list. (Invalid token "(". Was expecting one of: <S>, <IDENT>.)
Aug 22, 2015 2:07:42 PM com.gargoylesoftware.htmlunit.DefaultCssErrorHandler error
WARNING: CSS error: 'https://maxcdn.bootstrapcdn.com/bootstrap/3.3.5/css/bootstrap.min.css' [5:120334] Error in media list. (Invalid token "(". Was expecting one of: <S>, <IDENT>.)
Aug 22, 2015 2:07:42 PM com.gargoylesoftware.htmlunit.DefaultCssErrorHandler error
WARNING: CSS error: 'https://maxcdn.bootstrapcdn.com/bootstrap/3.3.5/css/bootstrap.min.css' [5:120426] Error in media list. (Invalid token "(". Was expecting one of: <S>, <IDENT>.)
Aug 22, 2015 2:07:42 PM com.gargoylesoftware.htmlunit.DefaultCssErrorHandler error
WARNING: CSS error: 'https://maxcdn.bootstrapcdn.com/bootstrap/3.3.5/css/bootstrap.min.css' [5:120530] Error in media list. (Invalid token "(". Was expecting one of: <S>, <IDENT>.)
Aug 22, 2015 2:07:42 PM com.gargoylesoftware.htmlunit.DefaultCssErrorHandler error
WARNING: CSS error: 'https://maxcdn.bootstrapcdn.com/bootstrap/3.3.5/css/bootstrap.min.css' [5:120755] Error in media list. (Invalid token "(". Was expecting one of: <S>, <IDENT>.)
Aug 22, 2015 2:07:42 PM com.gargoylesoftware.htmlunit.DefaultCssErrorHandler error
WARNING: CSS error: 'https://maxcdn.bootstrapcdn.com/bootstrap/3.3.5/css/bootstrap.min.css' [5:120846] Error in media list. (Invalid token "(". Was expecting one of: <S>, <IDENT>.)
Aug 22, 2015 2:07:42 PM com.gargoylesoftware.htmlunit.DefaultCssErrorHandler error
WARNING: CSS error: 'https://maxcdn.bootstrapcdn.com/bootstrap/3.3.5/css/bootstrap.min.css' [5:120939] Error in media list. (Invalid token "(". Was expecting one of: <S>, <IDENT>.)
Aug 22, 2015 2:07:42 PM com.gargoylesoftware.htmlunit.DefaultCssErrorHandler error
WARNING: CSS error: 'https://maxcdn.bootstrapcdn.com/bootstrap/3.3.5/css/bootstrap.min.css' [5:121044] Error in media list. (Invalid token "(". Was expecting one of: <S>, <IDENT>.)
Aug 22, 2015 2:07:42 PM com.gargoylesoftware.htmlunit.DefaultCssErrorHandler error
WARNING: CSS error: 'https://maxcdn.bootstrapcdn.com/bootstrap/3.3.5/css/bootstrap.min.css' [5:121247] Error in media list. (Invalid token "(". Was expecting one of: <S>, <IDENT>.)
Aug 22, 2015 2:07:42 PM com.gargoylesoftware.htmlunit.DefaultCssErrorHandler error
WARNING: CSS error: 'https://maxcdn.bootstrapcdn.com/bootstrap/3.3.5/css/bootstrap.min.css' [5:121316] Error in media list. (Invalid token "(". Was expecting one of: <S>, <IDENT>.)
Aug 22, 2015 2:07:42 PM com.gargoylesoftware.htmlunit.DefaultCssErrorHandler error
WARNING: CSS error: 'https://maxcdn.bootstrapcdn.com/bootstrap/3.3.5/css/bootstrap.min.css' [5:121387] Error in media list. (Invalid token "(". Was expecting one of: <S>, <IDENT>.)
Aug 22, 2015 2:07:42 PM com.gargoylesoftware.htmlunit.DefaultCssErrorHandler error
WARNING: CSS error: 'https://maxcdn.bootstrapcdn.com/bootstrap/3.3.5/css/bootstrap.min.css' [5:121470] Error in media list. (Invalid token "(". Was expecting one of: <S>, <IDENT>.)
Aug 22, 2015 2:07:42 PM com.gargoylesoftware.htmlunit.DefaultCssErrorHandler error
WARNING: CSS error: 'https://maxcdn.bootstrapcdn.com/bootstrap/3.3.5/css/bootstrap.min.css' [5:121530] Error in media list. (Invalid token "(". Was expecting one of: <S>, <IDENT>.)
Aug 22, 2015 2:07:42 PM com.gargoylesoftware.htmlunit.DefaultCssErrorHandler error
WARNING: CSS error: 'https://maxcdn.bootstrapcdn.com/bootstrap/3.3.5/css/bootstrap.min.css' [5:121612] Error in media list. (Invalid token "(". Was expecting one of: <S>, <IDENT>.)
Aug 22, 2015 2:07:42 PM com.gargoylesoftware.htmlunit.DefaultCssErrorHandler error
WARNING: CSS error: 'https://maxcdn.bootstrapcdn.com/bootstrap/3.3.5/css/bootstrap.min.css' [5:121695] Error in media list. (Invalid token "(". Was expecting one of: <S>, <IDENT>.)
[qtp1902950728-20] INFO spark.webserver.MatcherFilter - The requested route [/css/app.css] has not been mapped in Spark
Aug 22, 2015 2:07:42 PM com.gargoylesoftware.htmlunit.DefaultCssErrorHandler error
WARNING: CSS error: 'http://localhost:4567/css/app.css' [1:1] Error in style sheet. (Invalid token "<". Was expecting one of: <EOF>, <S>, <IDENT>, "<!--", "-->", <HASH>, <IMPORT_SYM>, <PAGE_SYM>, <MEDIA_SYM>, <FONT_FACE_SYM>, <CHARSET_SYM>, ".", ":", "*", "[", <ATKEYWORD>.)
Aug 22, 2015 2:07:43 PM com.gargoylesoftware.htmlunit.DefaultCssErrorHandler error
WARNING: CSS error: 'https://maxcdn.bootstrapcdn.com/bootstrap/3.3.5/css/bootstrap.min.css' [5:17606] Error in media list. (Invalid token "(". Was expecting one of: <S>, <IDENT>.)
Aug 22, 2015 2:07:43 PM com.gargoylesoftware.htmlunit.DefaultCssErrorHandler error
WARNING: CSS error: 'https://maxcdn.bootstrapcdn.com/bootstrap/3.3.5/css/bootstrap.min.css' [5:19373] Error in media list. (Invalid token "(". Was expecting one of: <S>, <IDENT>.)
Aug 22, 2015 2:07:43 PM com.gargoylesoftware.htmlunit.DefaultCssErrorHandler error
WARNING: CSS error: 'https://maxcdn.bootstrapcdn.com/bootstrap/3.3.5/css/bootstrap.min.css' [5:21618] Error in media list. (Invalid token "(". Was expecting one of: <S>, <IDENT>.)
Aug 22, 2015 2:07:43 PM com.gargoylesoftware.htmlunit.DefaultCssErrorHandler error
WARNING: CSS error: 'https://maxcdn.bootstrapcdn.com/bootstrap/3.3.5/css/bootstrap.min.css' [5:21667] Error in media list. (Invalid token "(". Was expecting one of: <S>, <IDENT>.)
Aug 22, 2015 2:07:43 PM com.gargoylesoftware.htmlunit.DefaultCssErrorHandler error
WARNING: CSS error: 'https://maxcdn.bootstrapcdn.com/bootstrap/3.3.5/css/bootstrap.min.css' [5:21716] Error in media list. (Invalid token "(". Was expecting one of: <S>, <IDENT>.)
Aug 22, 2015 2:07:43 PM com.gargoylesoftware.htmlunit.DefaultCssErrorHandler error
WARNING: CSS error: 'https://maxcdn.bootstrapcdn.com/bootstrap/3.3.5/css/bootstrap.min.css' [5:24200] Error in media list. (Invalid token "(". Was expecting one of: <S>, <IDENT>.)
Aug 22, 2015 2:07:43 PM com.gargoylesoftware.htmlunit.DefaultCssErrorHandler error
WARNING: CSS error: 'https://maxcdn.bootstrapcdn.com/bootstrap/3.3.5/css/bootstrap.min.css' [5:25966] Error in media list. (Invalid token "(". Was expecting one of: <S>, <IDENT>.)
Aug 22, 2015 2:07:43 PM com.gargoylesoftware.htmlunit.DefaultCssErrorHandler error
WARNING: CSS error: 'https://maxcdn.bootstrapcdn.com/bootstrap/3.3.5/css/bootstrap.min.css' [5:27732] Error in media list. (Invalid token "(". Was expecting one of: <S>, <IDENT>.)
Aug 22, 2015 2:07:43 PM com.gargoylesoftware.htmlunit.DefaultCssErrorHandler error
WARNING: CSS error: 'https://maxcdn.bootstrapcdn.com/bootstrap/3.3.5/css/bootstrap.min.css' [5:33858] Error in @media rule. (Invalid token "and". Was expecting one of: <S>, <LBRACE>, <COMMA>.)
Aug 22, 2015 2:07:43 PM com.gargoylesoftware.htmlunit.DefaultCssErrorHandler warning
WARNING: CSS warning: 'https://maxcdn.bootstrapcdn.com/bootstrap/3.3.5/css/bootstrap.min.css' [5:33858] Ignoring the whole rule.
Aug 22, 2015 2:07:43 PM com.gargoylesoftware.htmlunit.DefaultCssErrorHandler error
WARNING: CSS error: 'https://maxcdn.bootstrapcdn.com/bootstrap/3.3.5/css/bootstrap.min.css' [5:37280] Error in @media rule. (Invalid token "and". Was expecting one of: <S>, <LBRACE>, <COMMA>.)
Aug 22, 2015 2:07:43 PM com.gargoylesoftware.htmlunit.DefaultCssErrorHandler warning
WARNING: CSS warning: 'https://maxcdn.bootstrapcdn.com/bootstrap/3.3.5/css/bootstrap.min.css' [5:37280] Ignoring the whole rule.
Aug 22, 2015 2:07:43 PM com.gargoylesoftware.htmlunit.DefaultCssErrorHandler error
WARNING: CSS error: 'https://maxcdn.bootstrapcdn.com/bootstrap/3.3.5/css/bootstrap.min.css' [5:43528] Error in media list. (Invalid token "(". Was expecting one of: <S>, <IDENT>.)
Aug 22, 2015 2:07:43 PM com.gargoylesoftware.htmlunit.DefaultCssErrorHandler error
WARNING: CSS error: 'https://maxcdn.bootstrapcdn.com/bootstrap/3.3.5/css/bootstrap.min.css' [5:44748] Error in media list. (Invalid token "(". Was expecting one of: <S>, <IDENT>.)
Aug 22, 2015 2:07:43 PM com.gargoylesoftware.htmlunit.DefaultCssErrorHandler error
WARNING: CSS error: 'https://maxcdn.bootstrapcdn.com/bootstrap/3.3.5/css/bootstrap.min.css' [5:44920] Error in media list. (Invalid token "(". Was expecting one of: <S>, <IDENT>.)
Aug 22, 2015 2:07:43 PM com.gargoylesoftware.htmlunit.DefaultCssErrorHandler error
WARNING: CSS error: 'https://maxcdn.bootstrapcdn.com/bootstrap/3.3.5/css/bootstrap.min.css' [5:45028] Error in media list. (Invalid token "(". Was expecting one of: <S>, <IDENT>.)
Aug 22, 2015 2:07:43 PM com.gargoylesoftware.htmlunit.DefaultCssErrorHandler error
WARNING: CSS error: 'https://maxcdn.bootstrapcdn.com/bootstrap/3.3.5/css/bootstrap.min.css' [5:57895] Error in expression; ':' found after identifier "progid".
Aug 22, 2015 2:07:43 PM com.gargoylesoftware.htmlunit.DefaultCssErrorHandler error
WARNING: CSS error: 'https://maxcdn.bootstrapcdn.com/bootstrap/3.3.5/css/bootstrap.min.css' [5:58557] Error in media list. (Invalid token "(". Was expecting one of: <S>, <IDENT>.)
Aug 22, 2015 2:07:43 PM com.gargoylesoftware.htmlunit.DefaultCssErrorHandler error
WARNING: CSS error: 'https://maxcdn.bootstrapcdn.com/bootstrap/3.3.5/css/bootstrap.min.css' [5:67219] Error in media list. (Invalid token "(". Was expecting one of: <S>, <IDENT>.)
Aug 22, 2015 2:07:43 PM com.gargoylesoftware.htmlunit.DefaultCssErrorHandler error
WARNING: CSS error: 'https://maxcdn.bootstrapcdn.com/bootstrap/3.3.5/css/bootstrap.min.css' [5:67543] Error in media list. (Invalid token "(". Was expecting one of: <S>, <IDENT>.)
Aug 22, 2015 2:07:43 PM com.gargoylesoftware.htmlunit.DefaultCssErrorHandler error
WARNING: CSS error: 'https://maxcdn.bootstrapcdn.com/bootstrap/3.3.5/css/bootstrap.min.css' [5:68246] Error in media list. (Invalid token "(". Was expecting one of: <S>, <IDENT>.)
Aug 22, 2015 2:07:43 PM com.gargoylesoftware.htmlunit.DefaultCssErrorHandler error
WARNING: CSS error: 'https://maxcdn.bootstrapcdn.com/bootstrap/3.3.5/css/bootstrap.min.css' [5:68572] Error in media list. (Invalid token "(". Was expecting one of: <S>, <IDENT>.)
Aug 22, 2015 2:07:43 PM com.gargoylesoftware.htmlunit.DefaultCssErrorHandler error
WARNING: CSS error: 'https://maxcdn.bootstrapcdn.com/bootstrap/3.3.5/css/bootstrap.min.css' [5:69058] Error in media list. (Invalid token "(". Was expecting one of: <S>, <IDENT>.)
Aug 22, 2015 2:07:43 PM com.gargoylesoftware.htmlunit.DefaultCssErrorHandler error
WARNING: CSS error: 'https://maxcdn.bootstrapcdn.com/bootstrap/3.3.5/css/bootstrap.min.css' [5:69110] Error in media list. (Invalid token "(". Was expecting one of: <S>, <IDENT>.)
Aug 22, 2015 2:07:43 PM com.gargoylesoftware.htmlunit.DefaultCssErrorHandler error
WARNING: CSS error: 'https://maxcdn.bootstrapcdn.com/bootstrap/3.3.5/css/bootstrap.min.css' [5:69437] Error in media list. (Invalid token "(". Was expecting one of: <S>, <IDENT>.)
Aug 22, 2015 2:07:43 PM com.gargoylesoftware.htmlunit.DefaultCssErrorHandler error
WARNING: CSS error: 'https://maxcdn.bootstrapcdn.com/bootstrap/3.3.5/css/bootstrap.min.css' [5:69929] Error in media list. (Invalid token "(". Was expecting one of: <S>, <IDENT>.)
Aug 22, 2015 2:07:43 PM com.gargoylesoftware.htmlunit.DefaultCssErrorHandler error
WARNING: CSS error: 'https://maxcdn.bootstrapcdn.com/bootstrap/3.3.5/css/bootstrap.min.css' [5:70237] Error in media list. (Invalid token "(". Was expecting one of: <S>, <IDENT>.)
Aug 22, 2015 2:07:43 PM com.gargoylesoftware.htmlunit.DefaultCssErrorHandler error
WARNING: CSS error: 'https://maxcdn.bootstrapcdn.com/bootstrap/3.3.5/css/bootstrap.min.css' [5:70465] Error in media list. (Invalid token "(". Was expecting one of: <S>, <IDENT>.)
Aug 22, 2015 2:07:43 PM com.gargoylesoftware.htmlunit.DefaultCssErrorHandler error
WARNING: CSS error: 'https://maxcdn.bootstrapcdn.com/bootstrap/3.3.5/css/bootstrap.min.css' [5:70608] Error in media list. (Invalid token "(". Was expecting one of: <S>, <IDENT>.)
Aug 22, 2015 2:07:43 PM com.gargoylesoftware.htmlunit.DefaultCssErrorHandler error
WARNING: CSS error: 'https://maxcdn.bootstrapcdn.com/bootstrap/3.3.5/css/bootstrap.min.css' [5:70981] Error in media list. (Invalid token "(". Was expecting one of: <S>, <IDENT>.)
Aug 22, 2015 2:07:43 PM com.gargoylesoftware.htmlunit.DefaultCssErrorHandler error
WARNING: CSS error: 'https://maxcdn.bootstrapcdn.com/bootstrap/3.3.5/css/bootstrap.min.css' [5:71468] Error in media list. (Invalid token "(". Was expecting one of: <S>, <IDENT>.)
Aug 22, 2015 2:07:43 PM com.gargoylesoftware.htmlunit.DefaultCssErrorHandler error
WARNING: CSS error: 'https://maxcdn.bootstrapcdn.com/bootstrap/3.3.5/css/bootstrap.min.css' [5:71624] Error in media list. (Invalid token "(". Was expecting one of: <S>, <IDENT>.)
Aug 22, 2015 2:07:43 PM com.gargoylesoftware.htmlunit.DefaultCssErrorHandler error
WARNING: CSS error: 'https://maxcdn.bootstrapcdn.com/bootstrap/3.3.5/css/bootstrap.min.css' [5:72091] Error in media list. (Invalid token "(". Was expecting one of: <S>, <IDENT>.)
Aug 22, 2015 2:07:43 PM com.gargoylesoftware.htmlunit.DefaultCssErrorHandler error
WARNING: CSS error: 'https://maxcdn.bootstrapcdn.com/bootstrap/3.3.5/css/bootstrap.min.css' [5:72557] Error in media list. (Invalid token "(". Was expecting one of: <S>, <IDENT>.)
Aug 22, 2015 2:07:43 PM com.gargoylesoftware.htmlunit.DefaultCssErrorHandler error
WARNING: CSS error: 'https://maxcdn.bootstrapcdn.com/bootstrap/3.3.5/css/bootstrap.min.css' [5:73483] Error in media list. (Invalid token "(". Was expecting one of: <S>, <IDENT>.)
Aug 22, 2015 2:07:43 PM com.gargoylesoftware.htmlunit.DefaultCssErrorHandler error
WARNING: CSS error: 'https://maxcdn.bootstrapcdn.com/bootstrap/3.3.5/css/bootstrap.min.css' [5:73604] Error in media list. (Invalid token "(". Was expecting one of: <S>, <IDENT>.)
Aug 22, 2015 2:07:43 PM com.gargoylesoftware.htmlunit.DefaultCssErrorHandler error
WARNING: CSS error: 'https://maxcdn.bootstrapcdn.com/bootstrap/3.3.5/css/bootstrap.min.css' [5:74237] Error in media list. (Invalid token "(". Was expecting one of: <S>, <IDENT>.)
Aug 22, 2015 2:07:43 PM com.gargoylesoftware.htmlunit.DefaultCssErrorHandler error
WARNING: CSS error: 'https://maxcdn.bootstrapcdn.com/bootstrap/3.3.5/css/bootstrap.min.css' [5:74322] Error in media list. (Invalid token "(". Was expecting one of: <S>, <IDENT>.)
Aug 22, 2015 2:07:43 PM com.gargoylesoftware.htmlunit.DefaultCssErrorHandler error
WARNING: CSS error: 'https://maxcdn.bootstrapcdn.com/bootstrap/3.3.5/css/bootstrap.min.css' [5:75681] Error in media list. (Invalid token "(". Was expecting one of: <S>, <IDENT>.)
Aug 22, 2015 2:07:43 PM com.gargoylesoftware.htmlunit.DefaultCssErrorHandler error
WARNING: CSS error: 'https://maxcdn.bootstrapcdn.com/bootstrap/3.3.5/css/bootstrap.min.css' [5:77991] Error in media list. (Invalid token "(". Was expecting one of: <S>, <IDENT>.)
Aug 22, 2015 2:07:43 PM com.gargoylesoftware.htmlunit.DefaultCssErrorHandler error
WARNING: CSS error: 'https://maxcdn.bootstrapcdn.com/bootstrap/3.3.5/css/bootstrap.min.css' [5:83978] Error in @media rule. (Invalid token "and". Was expecting one of: <S>, <LBRACE>, <COMMA>.)
Aug 22, 2015 2:07:43 PM com.gargoylesoftware.htmlunit.DefaultCssErrorHandler warning
WARNING: CSS warning: 'https://maxcdn.bootstrapcdn.com/bootstrap/3.3.5/css/bootstrap.min.css' [5:83978] Ignoring the whole rule.
Aug 22, 2015 2:07:43 PM com.gargoylesoftware.htmlunit.DefaultCssErrorHandler error
WARNING: CSS error: 'https://maxcdn.bootstrapcdn.com/bootstrap/3.3.5/css/bootstrap.min.css' [5:109080] Error in media list. (Invalid token "(". Was expecting one of: <S>, <IDENT>.)
Aug 22, 2015 2:07:43 PM com.gargoylesoftware.htmlunit.DefaultCssErrorHandler error
WARNING: CSS error: 'https://maxcdn.bootstrapcdn.com/bootstrap/3.3.5/css/bootstrap.min.css' [5:109268] Error in media list. (Invalid token "(". Was expecting one of: <S>, <IDENT>.)
Aug 22, 2015 2:07:43 PM com.gargoylesoftware.htmlunit.DefaultCssErrorHandler error
WARNING: CSS error: 'https://maxcdn.bootstrapcdn.com/bootstrap/3.3.5/css/bootstrap.min.css' [5:113562] Error in @media rule. (Invalid token "and". Was expecting one of: <S>, <LBRACE>, <COMMA>.)
Aug 22, 2015 2:07:43 PM com.gargoylesoftware.htmlunit.DefaultCssErrorHandler warning
WARNING: CSS warning: 'https://maxcdn.bootstrapcdn.com/bootstrap/3.3.5/css/bootstrap.min.css' [5:113562] Ignoring the whole rule.
Aug 22, 2015 2:07:43 PM com.gargoylesoftware.htmlunit.DefaultCssErrorHandler error
WARNING: CSS error: 'https://maxcdn.bootstrapcdn.com/bootstrap/3.3.5/css/bootstrap.min.css' [5:115294] Error in expression; ':' found after identifier "progid".
Aug 22, 2015 2:07:43 PM com.gargoylesoftware.htmlunit.DefaultCssErrorHandler error
WARNING: CSS error: 'https://maxcdn.bootstrapcdn.com/bootstrap/3.3.5/css/bootstrap.min.css' [5:115837] Error in expression; ':' found after identifier "progid".
Aug 22, 2015 2:07:43 PM com.gargoylesoftware.htmlunit.DefaultCssErrorHandler error
WARNING: CSS error: 'https://maxcdn.bootstrapcdn.com/bootstrap/3.3.5/css/bootstrap.min.css' [5:117005] Invalid color "#000\9".
Aug 22, 2015 2:07:43 PM com.gargoylesoftware.htmlunit.DefaultCssErrorHandler error
WARNING: CSS error: 'https://maxcdn.bootstrapcdn.com/bootstrap/3.3.5/css/bootstrap.min.css' [5:117402] Error in @media rule. (Invalid token "and". Was expecting one of: <S>, <LBRACE>, <COMMA>.)
Aug 22, 2015 2:07:43 PM com.gargoylesoftware.htmlunit.DefaultCssErrorHandler warning
WARNING: CSS warning: 'https://maxcdn.bootstrapcdn.com/bootstrap/3.3.5/css/bootstrap.min.css' [5:117402] Ignoring the whole rule.
Aug 22, 2015 2:07:43 PM com.gargoylesoftware.htmlunit.DefaultCssErrorHandler error
WARNING: CSS error: 'https://maxcdn.bootstrapcdn.com/bootstrap/3.3.5/css/bootstrap.min.css' [5:119598] Error in media list. (Invalid token "(". Was expecting one of: <S>, <IDENT>.)
Aug 22, 2015 2:07:43 PM com.gargoylesoftware.htmlunit.DefaultCssErrorHandler error
WARNING: CSS error: 'https://maxcdn.bootstrapcdn.com/bootstrap/3.3.5/css/bootstrap.min.css' [5:119800] Error in media list. (Invalid token "(". Was expecting one of: <S>, <IDENT>.)
Aug 22, 2015 2:07:43 PM com.gargoylesoftware.htmlunit.DefaultCssErrorHandler error
WARNING: CSS error: 'https://maxcdn.bootstrapcdn.com/bootstrap/3.3.5/css/bootstrap.min.css' [5:119868] Error in media list. (Invalid token "(". Was expecting one of: <S>, <IDENT>.)
Aug 22, 2015 2:07:43 PM com.gargoylesoftware.htmlunit.DefaultCssErrorHandler error
WARNING: CSS error: 'https://maxcdn.bootstrapcdn.com/bootstrap/3.3.5/css/bootstrap.min.css' [5:119938] Error in media list. (Invalid token "(". Was expecting one of: <S>, <IDENT>.)
Aug 22, 2015 2:07:43 PM com.gargoylesoftware.htmlunit.DefaultCssErrorHandler error
WARNING: CSS error: 'https://maxcdn.bootstrapcdn.com/bootstrap/3.3.5/css/bootstrap.min.css' [5:120020] Error in media list. (Invalid token "(". Was expecting one of: <S>, <IDENT>.)
Aug 22, 2015 2:07:43 PM com.gargoylesoftware.htmlunit.DefaultCssErrorHandler error
WARNING: CSS error: 'https://maxcdn.bootstrapcdn.com/bootstrap/3.3.5/css/bootstrap.min.css' [5:120244] Error in media list. (Invalid token "(". Was expecting one of: <S>, <IDENT>.)
Aug 22, 2015 2:07:43 PM com.gargoylesoftware.htmlunit.DefaultCssErrorHandler error
WARNING: CSS error: 'https://maxcdn.bootstrapcdn.com/bootstrap/3.3.5/css/bootstrap.min.css' [5:120334] Error in media list. (Invalid token "(". Was expecting one of: <S>, <IDENT>.)
Aug 22, 2015 2:07:43 PM com.gargoylesoftware.htmlunit.DefaultCssErrorHandler error
WARNING: CSS error: 'https://maxcdn.bootstrapcdn.com/bootstrap/3.3.5/css/bootstrap.min.css' [5:120426] Error in media list. (Invalid token "(". Was expecting one of: <S>, <IDENT>.)
Aug 22, 2015 2:07:43 PM com.gargoylesoftware.htmlunit.DefaultCssErrorHandler error
WARNING: CSS error: 'https://maxcdn.bootstrapcdn.com/bootstrap/3.3.5/css/bootstrap.min.css' [5:120530] Error in media list. (Invalid token "(". Was expecting one of: <S>, <IDENT>.)
Aug 22, 2015 2:07:43 PM com.gargoylesoftware.htmlunit.DefaultCssErrorHandler error
WARNING: CSS error: 'https://maxcdn.bootstrapcdn.com/bootstrap/3.3.5/css/bootstrap.min.css' [5:120755] Error in media list. (Invalid token "(". Was expecting one of: <S>, <IDENT>.)
Aug 22, 2015 2:07:43 PM com.gargoylesoftware.htmlunit.DefaultCssErrorHandler error
WARNING: CSS error: 'https://maxcdn.bootstrapcdn.com/bootstrap/3.3.5/css/bootstrap.min.css' [5:120846] Error in media list. (Invalid token "(". Was expecting one of: <S>, <IDENT>.)
Aug 22, 2015 2:07:43 PM com.gargoylesoftware.htmlunit.DefaultCssErrorHandler error
WARNING: CSS error: 'https://maxcdn.bootstrapcdn.com/bootstrap/3.3.5/css/bootstrap.min.css' [5:120939] Error in media list. (Invalid token "(". Was expecting one of: <S>, <IDENT>.)
Aug 22, 2015 2:07:43 PM com.gargoylesoftware.htmlunit.DefaultCssErrorHandler error
WARNING: CSS error: 'https://maxcdn.bootstrapcdn.com/bootstrap/3.3.5/css/bootstrap.min.css' [5:121044] Error in media list. (Invalid token "(". Was expecting one of: <S>, <IDENT>.)
Aug 22, 2015 2:07:43 PM com.gargoylesoftware.htmlunit.DefaultCssErrorHandler error
WARNING: CSS error: 'https://maxcdn.bootstrapcdn.com/bootstrap/3.3.5/css/bootstrap.min.css' [5:121247] Error in media list. (Invalid token "(". Was expecting one of: <S>, <IDENT>.)
Aug 22, 2015 2:07:43 PM com.gargoylesoftware.htmlunit.DefaultCssErrorHandler error
WARNING: CSS error: 'https://maxcdn.bootstrapcdn.com/bootstrap/3.3.5/css/bootstrap.min.css' [5:121316] Error in media list. (Invalid token "(". Was expecting one of: <S>, <IDENT>.)
Aug 22, 2015 2:07:43 PM com.gargoylesoftware.htmlunit.DefaultCssErrorHandler error
WARNING: CSS error: 'https://maxcdn.bootstrapcdn.com/bootstrap/3.3.5/css/bootstrap.min.css' [5:121387] Error in media list. (Invalid token "(". Was expecting one of: <S>, <IDENT>.)
Aug 22, 2015 2:07:43 PM com.gargoylesoftware.htmlunit.DefaultCssErrorHandler error
WARNING: CSS error: 'https://maxcdn.bootstrapcdn.com/bootstrap/3.3.5/css/bootstrap.min.css' [5:121470] Error in media list. (Invalid token "(". Was expecting one of: <S>, <IDENT>.)
Aug 22, 2015 2:07:43 PM com.gargoylesoftware.htmlunit.DefaultCssErrorHandler error
WARNING: CSS error: 'https://maxcdn.bootstrapcdn.com/bootstrap/3.3.5/css/bootstrap.min.css' [5:121530] Error in media list. (Invalid token "(". Was expecting one of: <S>, <IDENT>.)
Aug 22, 2015 2:07:43 PM com.gargoylesoftware.htmlunit.DefaultCssErrorHandler error
WARNING: CSS error: 'https://maxcdn.bootstrapcdn.com/bootstrap/3.3.5/css/bootstrap.min.css' [5:121612] Error in media list. (Invalid token "(". Was expecting one of: <S>, <IDENT>.)
Aug 22, 2015 2:07:43 PM com.gargoylesoftware.htmlunit.DefaultCssErrorHandler error
WARNING: CSS error: 'https://maxcdn.bootstrapcdn.com/bootstrap/3.3.5/css/bootstrap.min.css' [5:121695] Error in media list. (Invalid token "(". Was expecting one of: <S>, <IDENT>.)
[qtp1902950728-19] INFO spark.webserver.MatcherFilter - The requested route [/css/app.css] has not been mapped in Spark
Aug 22, 2015 2:07:43 PM com.gargoylesoftware.htmlunit.DefaultCssErrorHandler error
WARNING: CSS error: 'http://localhost:4567/css/app.css' [1:1] Error in style sheet. (Invalid token "<". Was expecting one of: <EOF>, <S>, <IDENT>, "<!--", "-->", <HASH>, <IMPORT_SYM>, <PAGE_SYM>, <MEDIA_SYM>, <FONT_FACE_SYM>, <CHARSET_SYM>, ".", ":", "*", "[", <ATKEYWORD>.)
[Test worker] INFO spark.webserver.SparkServer - >>> Spark shutting down ...
[Test worker] INFO org.eclipse.jetty.server.Server - Graceful shutdown org.eclipse.jetty.server.Server@3c25584d by 
[Test worker] INFO org.eclipse.jetty.server.ServerConnector - Stopped ServerConnector@2bad9b86{HTTP/1.1}{0.0.0.0:4567}
[Test worker] INFO spark.webserver.SparkServer - done
]]></system-err>
</testsuite>
