<?xml version="1.0" encoding="UTF-8"?>
<testsuite name="WordTest" tests="8" skipped="0" failures="0" errors="0" timestamp="2015-08-22T21:07:44" hostname="Jen-Quiross-MacBook-Pro.local" time="0.013">
  <properties/>
  <testcase name="addDefinition_addsDefToList" classname="WordTest" time="0.0"/>
  <testcase name="Word_getsUserInputtedWord_trumpet" classname="WordTest" time="0.0"/>
  <testcase name="clear_removesAllWordInstancesFromCache" classname="WordTest" time="0.002"/>
  <testcase name="all_returnsAllInstancesOfDefinitions_true" classname="WordTest" time="0.001"/>
  <testcase name="newWord_instantiatesCorrectly_true" classname="WordTest" time="0.001"/>
  <testcase name="find_returnsWordWithSameId" classname="WordTest" time="0.0"/>
  <testcase name="getDefinitions_ReturnsEmptyArrayListCorrectly" classname="WordTest" time="0.003"/>
  <testcase name="getId_returnsWordId" classname="WordTest" time="0.0"/>
  <system-out><![CDATA[]]></system-out>
  <system-err><![CDATA[]]></system-err>
</testsuite>
