<?xml version="1.0" encoding="UTF-8"?>
<testsuite name="DefinitionTest" tests="7" skipped="0" failures="0" errors="0" timestamp="2015-08-22T21:07:44" hostname="Jen-Quiross-MacBook-Pro.local" time="0.008">
  <properties/>
  <testcase name="clear_emptiesAllDefsFromArrayList" classname="DefinitionTest" time="0.001"/>
  <testcase name="definition_instantiatesCorrectly_true" classname="DefinitionTest" time="0.001"/>
  <testcase name="find_returnsDefWithSameId_def2" classname="DefinitionTest" time="0.0"/>
  <testcase name="newId_defsInstantiateWithAnID_true" classname="DefinitionTest" time="0.0"/>
  <testcase name="all_returnsAllInstancesOfDefinition_true" classname="DefinitionTest" time="0.0"/>
  <testcase name="find_returnsNullWhenNoDefinitionFound_null" classname="DefinitionTest" time="0.0"/>
  <testcase name="word_getsDefinition_correctString" classname="DefinitionTest" time="0.001"/>
  <system-out><![CDATA[]]></system-out>
  <system-err><![CDATA[]]></system-err>
</testsuite>
